{"/Users/josebr/Developer/ReactNative/RickAndMorty/src/api/characterApi.ts": {"path":"/Users/josebr/Developer/ReactNative/RickAndMorty/src/api/characterApi.ts","statementMap":{"0":{"start":{"line":3,"column":35},"end":{"line":3,"column":78}},"1":{"start":{"line":5,"column":31},"end":{"line":12,"column":1}},"2":{"start":{"line":6,"column":19},"end":{"line":6,"column":51}},"3":{"start":{"line":7,"column":2},"end":{"line":9,"column":3}},"4":{"start":{"line":8,"column":4},"end":{"line":8,"column":50}},"5":{"start":{"line":10,"column":34},"end":{"line":10,"column":55}},"6":{"start":{"line":11,"column":2},"end":{"line":11,"column":22}}},"fnMap":{"0":{"name":"(anonymous_0)","decl":{"start":{"line":5,"column":31},"end":{"line":5,"column":32}},"loc":{"start":{"line":5,"column":65},"end":{"line":12,"column":1}},"line":5}},"branchMap":{"0":{"loc":{"start":{"line":7,"column":2},"end":{"line":9,"column":3}},"type":"if","locations":[{"start":{"line":7,"column":2},"end":{"line":9,"column":3}},{"start":{},"end":{}}],"line":7}},"s":{"0":1,"1":1,"2":3,"3":2,"4":1,"5":1,"6":1},"f":{"0":3},"b":{"0":[1,1]},"_coverageSchema":"1a1c01bbd47fc00a2c39e90264f33305004495a9","hash":"24465b87974f80da722bc9cbbc1f1baec5e357f9"}
,"/Users/josebr/Developer/ReactNative/RickAndMorty/src/providers/QueryProvider.tsx": {"path":"/Users/josebr/Developer/ReactNative/RickAndMorty/src/providers/QueryProvider.tsx","statementMap":{"0":{"start":{"line":5,"column":70},"end":{"line":15,"column":1}},"1":{"start":{"line":6,"column":2},"end":{"line":14,"column":31}}},"fnMap":{"0":{"name":"(anonymous_0)","decl":{"start":{"line":5,"column":70},"end":{"line":5,"column":71}},"loc":{"start":{"line":6,"column":2},"end":{"line":14,"column":31}},"line":6}},"branchMap":{},"s":{"0":1,"1":6},"f":{"0":6},"b":{},"_coverageSchema":"1a1c01bbd47fc00a2c39e90264f33305004495a9","hash":"14146b7accc1dd2f67f231fa3e71f2011693b135"}
,"/Users/josebr/Developer/ReactNative/RickAndMorty/src/utils/queryClient.ts": {"path":"/Users/josebr/Developer/ReactNative/RickAndMorty/src/utils/queryClient.ts","statementMap":{"0":{"start":{"line":6,"column":27},"end":{"line":14,"column":2}},"1":{"start":{"line":17,"column":37},"end":{"line":24,"column":2}}},"fnMap":{},"branchMap":{},"s":{"0":1,"1":1},"f":{},"b":{},"_coverageSchema":"1a1c01bbd47fc00a2c39e90264f33305004495a9","hash":"db52e56d7850269ecf21a04c8df460a1fadc95ab"}
}
